<?xml version="1.0" encoding="UTF-8"?>
<testsuite xmlns:xsi="http://www.w3.org/2001/XMLSchema-instance" xsi:noNamespaceSchemaLocation="https://maven.apache.org/surefire/maven-surefire-plugin/xsd/surefire-test-report-3.0.xsd" version="3.0" name="com.krs.knowledgerevisingsystem.KnowledgeRevisingSystemApplicationTests" time="10.474" tests="1" errors="0" skipped="0" failures="0">
  <properties>
[...]
</properties>
  <testcase name="contextLoads" classname="com.krs.knowledgerevisingsystem.KnowledgeRevisingSystemApplicationTests" time="0.76">
    <system-out><![CDATA[14:53:21.814 [main] INFO org.springframework.test.context.support.AnnotationConfigContextLoaderUtils -- Could not detect default configuration classes for test class [com.krs.knowledgerevisingsystem.KnowledgeRevisingSystemApplicationTests]: KnowledgeRevisingSystemApplicationTests does not declare any static, non-private, non-final, nested classes annotated with @Configuration.
14:53:22.020 [main] INFO org.springframework.boot.test.context.SpringBootTestContextBootstrapper -- Found @SpringBootConfiguration com.krs.knowledgerevisingsystem.KnowledgeRevisingSystemApplication for test class com.krs.knowledgerevisingsystem.KnowledgeRevisingSystemApplicationTests

  .   ____          _            __ _ _
 /\\ / ___'_ __ _ _(_)_ __  __ _ \ \ \ \
( ( )\___ | '_ | '_| | '_ \/ _` | \ \ \ \
 \\/  ___)| |_)| | | | | || (_| |  ) ) ) )
  '  |____| .__|_| |_|_| |_\__, | / / / /
 =========|_|==============|___/=/_/_/_/
 :: Spring Boot ::                (v3.2.5)

2024-07-27T14:53:22.784+07:00  INFO 16704 --- [Knowledge Revising System] [           main] .KnowledgeRevisingSystemApplicationTests : Starting KnowledgeRevisingSystemApplicationTests using Java 17.0.9 with PID 16704 (started by quyen in D:\Appota Apply\se1816-g4\Knowledge Revising System)
2024-07-27T14:53:22.786+07:00  INFO 16704 --- [Knowledge Revising System] [           main] .KnowledgeRevisingSystemApplicationTests : No active profile set, falling back to 1 default profile: "default"
2024-07-27T14:53:23.897+07:00  INFO 16704 --- [Knowledge Revising System] [           main] .s.d.r.c.RepositoryConfigurationDelegate : Bootstrapping Spring Data JPA repositories in DEFAULT mode.
2024-07-27T14:53:24.047+07:00  INFO 16704 --- [Knowledge Revising System] [           main] .s.d.r.c.RepositoryConfigurationDelegate : Finished Spring Data repository scanning in 138 ms. Found 19 JPA repository interfaces.
2024-07-27T14:53:24.765+07:00  INFO 16704 --- [Knowledge Revising System] [           main] o.hibernate.jpa.internal.util.LogHelper  : HHH000204: Processing PersistenceUnitInfo [name: default]
2024-07-27T14:53:24.818+07:00  INFO 16704 --- [Knowledge Revising System] [           main] org.hibernate.Version                    : HHH000412: Hibernate ORM core version 6.4.4.Final
2024-07-27T14:53:24.849+07:00  INFO 16704 --- [Knowledge Revising System] [           main] o.h.c.internal.RegionFactoryInitiator    : HHH000026: Second-level cache disabled
2024-07-27T14:53:25.198+07:00  INFO 16704 --- [Knowledge Revising System] [           main] o.s.o.j.p.SpringPersistenceUnitInfo      : No LoadTimeWeaver setup: ignoring JPA class transformer
2024-07-27T14:53:25.273+07:00  INFO 16704 --- [Knowledge Revising System] [           main] com.zaxxer.hikari.HikariDataSource       : HikariPool-1 - Starting...
2024-07-27T14:53:25.494+07:00  INFO 16704 --- [Knowledge Revising System] [           main] com.zaxxer.hikari.pool.HikariPool        : HikariPool-1 - Added connection com.mysql.cj.jdbc.ConnectionImpl@6be766d1
2024-07-27T14:53:25.498+07:00  INFO 16704 --- [Knowledge Revising System] [           main] com.zaxxer.hikari.HikariDataSource       : HikariPool-1 - Start completed.
2024-07-27T14:53:25.579+07:00  WARN 16704 --- [Knowledge Revising System] [           main] org.hibernate.dialect.Dialect            : HHH000511: The 5.5.0 version for [org.hibernate.dialect.MySQLDialect] is no longer supported, hence certain features may not work properly. The minimum supported version is 8.0.0. Check the community dialects project for available legacy versions.
2024-07-27T14:53:27.028+07:00  INFO 16704 --- [Knowledge Revising System] [           main] o.h.e.t.j.p.i.JtaPlatformInitiator       : HHH000489: No JTA platform available (set 'hibernate.transaction.jta.platform' to enable JTA platform integration)
2024-07-27T14:53:27.389+07:00  INFO 16704 --- [Knowledge Revising System] [           main] j.LocalContainerEntityManagerFactoryBean : Initialized JPA EntityManagerFactory for persistence unit 'default'
2024-07-27T14:53:28.009+07:00  INFO 16704 --- [Knowledge Revising System] [           main] o.s.d.j.r.query.QueryEnhancerFactory     : Hibernate is in classpath; If applicable, HQL parser will be used.
2024-07-27T14:53:30.024+07:00  WARN 16704 --- [Knowledge Revising System] [           main] JpaBaseConfiguration$JpaWebConfiguration : spring.jpa.open-in-view is enabled by default. Therefore, database queries may be performed during view rendering. Explicitly configure spring.jpa.open-in-view to disable this warning
2024-07-27T14:53:30.545+07:00  INFO 16704 --- [Knowledge Revising System] [           main] o.s.s.web.DefaultSecurityFilterChain     : Will secure any request with [org.springframework.security.web.session.DisableEncodeUrlFilter@30cbba6b, org.springframework.security.web.context.request.async.WebAsyncManagerIntegrationFilter@1fe1d0a5, org.springframework.security.web.context.SecurityContextHolderFilter@737e8e66, org.springframework.security.web.header.HeaderWriterFilter@1d8f923f, org.springframework.web.filter.CorsFilter@7c4a0245, org.springframework.security.web.authentication.logout.LogoutFilter@22e494dc, org.springframework.security.oauth2.client.web.OAuth2AuthorizationRequestRedirectFilter@1d229476, org.springframework.security.oauth2.client.web.OAuth2LoginAuthenticationFilter@6f4809ae, org.springframework.security.web.authentication.UsernamePasswordAuthenticationFilter@66c0a115, org.springframework.security.web.session.ConcurrentSessionFilter@6dfd4db2, org.springframework.security.web.savedrequest.RequestCacheAwareFilter@620b0fad, org.springframework.security.web.servletapi.SecurityContextHolderAwareRequestFilter@5f8b60f3, org.springframework.security.web.authentication.AnonymousAuthenticationFilter@14decb0a, org.springframework.security.web.session.SessionManagementFilter@57fcc568, org.springframework.security.web.access.ExceptionTranslationFilter@70ecb7f6, org.springframework.security.web.access.intercept.AuthorizationFilter@46416974]
2024-07-27T14:53:30.891+07:00  INFO 16704 --- [Knowledge Revising System] [           main] .KnowledgeRevisingSystemApplicationTests : Started KnowledgeRevisingSystemApplicationTests in 8.571 seconds (process running for 10.495)
2024-07-27T14:53:31.044+07:00 DEBUG 16704 --- [Knowledge Revising System] [   scheduling-1] org.hibernate.SQL                        : update user_code set code=null where time<?
2024-07-27T14:53:31.098+07:00 DEBUG 16704 --- [Knowledge Revising System] [   scheduling-1] org.hibernate.SQL                        : select a1_0.attempt_id,a1_0.attempt_date,a1_0.exam_id,a1_0.mark,a1_0.status,a1_0.user_id from attempt a1_0
2024-07-27T14:53:31.098+07:00 DEBUG 16704 --- [Knowledge Revising System] [           main] org.hibernate.SQL                        : select r1_0.role_id,r1_0.description,r1_0.role_name,r1_0.priority,r1_0.speciality,r1_0.status from role r1_0 where r1_0.role_name=?
2024-07-27T14:53:31.129+07:00 DEBUG 16704 --- [Knowledge Revising System] [   scheduling-1] org.hibernate.SQL                        : select e1_0.exam_id,c1_0.course_id,c1_0.course_name,c1_0.description,c1_0.role_id,c1_0.status,s1_0.subject_id,s1_0.code,s1_0.description,s1_0.name,s1_0.speciality,s1_0.status,t1_0.user_id,t1_0.access_token,t1_0.avatar,t1_0.email,t1_0.full_name,t1_0.note,t1_0.password,t1_0.role_id,t1_0.status,c2_0.user_id,c2_0.access_token,c2_0.avatar,c2_0.email,c2_0.full_name,c2_0.note,c2_0.password,r4_0.role_id,r4_0.description,r4_0.role_name,r4_0.priority,r4_0.speciality,r4_0.status,c2_0.status,uc1_0.user_id,uc1_0.code,uc1_0.time,e1_0.description,e1_0.length,e1_0.name,e1_0.number_of_questions,e1_0.status,s2_0.subject_id,s2_0.code,s2_0.description,s2_0.name,s2_0.speciality,s2_0.status from exams e1_0 left join course c1_0 on c1_0.course_id=e1_0.course_id left join subjects s1_0 on s1_0.subject_id=c1_0.subject_id left join users t1_0 on t1_0.user_id=c1_0.teacher_id left join users c2_0 on c2_0.user_id=e1_0.creator_id left join role r4_0 on r4_0.role_id=c2_0.role_id left join user_code uc1_0 on c2_0.user_id=uc1_0.user_id left join subjects s2_0 on s2_0.subject_id=e1_0.subject_id where e1_0.exam_id=?
2024-07-27T14:53:31.135+07:00 DEBUG 16704 --- [Knowledge Revising System] [           main] org.hibernate.SQL                        : select r1_0.role_id,r1_0.description,r1_0.role_name,r1_0.priority,r1_0.speciality,r1_0.status from role r1_0 where r1_0.role_name=?
2024-07-27T14:53:31.139+07:00 DEBUG 16704 --- [Knowledge Revising System] [           main] org.hibernate.SQL                        : select r1_0.role_id,r1_0.description,r1_0.role_name,r1_0.priority,r1_0.speciality,r1_0.status from role r1_0 where r1_0.role_name=?
2024-07-27T14:53:31.143+07:00 DEBUG 16704 --- [Knowledge Revising System] [           main] org.hibernate.SQL                        : select r1_0.role_id,r1_0.description,r1_0.role_name,r1_0.priority,r1_0.speciality,r1_0.status from role r1_0 where r1_0.role_name=?
2024-07-27T14:53:31.153+07:00 DEBUG 16704 --- [Knowledge Revising System] [   scheduling-1] org.hibernate.SQL                        : select e1_0.exam_id,c1_0.course_id,c1_0.course_name,c1_0.description,c1_0.role_id,c1_0.status,s1_0.subject_id,s1_0.code,s1_0.description,s1_0.name,s1_0.speciality,s1_0.status,t1_0.user_id,t1_0.access_token,t1_0.avatar,t1_0.email,t1_0.full_name,t1_0.note,t1_0.password,t1_0.role_id,t1_0.status,c2_0.user_id,c2_0.access_token,c2_0.avatar,c2_0.email,c2_0.full_name,c2_0.note,c2_0.password,r4_0.role_id,r4_0.description,r4_0.role_name,r4_0.priority,r4_0.speciality,r4_0.status,c2_0.status,uc1_0.user_id,uc1_0.code,uc1_0.time,e1_0.description,e1_0.length,e1_0.name,e1_0.number_of_questions,e1_0.status,s2_0.subject_id,s2_0.code,s2_0.description,s2_0.name,s2_0.speciality,s2_0.status from exams e1_0 left join course c1_0 on c1_0.course_id=e1_0.course_id left join subjects s1_0 on s1_0.subject_id=c1_0.subject_id left join users t1_0 on t1_0.user_id=c1_0.teacher_id left join users c2_0 on c2_0.user_id=e1_0.creator_id left join role r4_0 on r4_0.role_id=c2_0.role_id left join user_code uc1_0 on c2_0.user_id=uc1_0.user_id left join subjects s2_0 on s2_0.subject_id=e1_0.subject_id where e1_0.exam_id=?
2024-07-27T14:53:31.157+07:00 DEBUG 16704 --- [Knowledge Revising System] [   scheduling-1] org.hibernate.SQL                        : select e1_0.exam_id,c1_0.course_id,c1_0.course_name,c1_0.description,c1_0.role_id,c1_0.status,s1_0.subject_id,s1_0.code,s1_0.description,s1_0.name,s1_0.speciality,s1_0.status,t1_0.user_id,t1_0.access_token,t1_0.avatar,t1_0.email,t1_0.full_name,t1_0.note,t1_0.password,t1_0.role_id,t1_0.status,c2_0.user_id,c2_0.access_token,c2_0.avatar,c2_0.email,c2_0.full_name,c2_0.note,c2_0.password,r4_0.role_id,r4_0.description,r4_0.role_name,r4_0.priority,r4_0.speciality,r4_0.status,c2_0.status,uc1_0.user_id,uc1_0.code,uc1_0.time,e1_0.description,e1_0.length,e1_0.name,e1_0.number_of_questions,e1_0.status,s2_0.subject_id,s2_0.code,s2_0.description,s2_0.name,s2_0.speciality,s2_0.status from exams e1_0 left join course c1_0 on c1_0.course_id=e1_0.course_id left join subjects s1_0 on s1_0.subject_id=c1_0.subject_id left join users t1_0 on t1_0.user_id=c1_0.teacher_id left join users c2_0 on c2_0.user_id=e1_0.creator_id left join role r4_0 on r4_0.role_id=c2_0.role_id left join user_code uc1_0 on c2_0.user_id=uc1_0.user_id left join subjects s2_0 on s2_0.subject_id=e1_0.subject_id where e1_0.exam_id=?
2024-07-27T14:53:31.160+07:00 DEBUG 16704 --- [Knowledge Revising System] [   scheduling-1] org.hibernate.SQL                        : select uc1_0.user_id,uc1_0.code,uc1_0.time,u1_0.user_id,u1_0.access_token,u1_0.avatar,u1_0.email,u1_0.full_name,u1_0.note,u1_0.password,r1_0.role_id,r1_0.description,r1_0.role_name,r1_0.priority,r1_0.speciality,r1_0.status,u1_0.status from user_code uc1_0 join users u1_0 on u1_0.user_id=uc1_0.user_id left join role r1_0 on r1_0.role_id=u1_0.role_id where uc1_0.user_id=?
2024-07-27T14:53:31.162+07:00 DEBUG 16704 --- [Knowledge Revising System] [   scheduling-1] org.hibernate.SQL                        : select u1_0.user_id,u1_0.access_token,u1_0.avatar,u1_0.email,u1_0.full_name,u1_0.note,u1_0.password,r1_0.role_id,r1_0.description,r1_0.role_name,r1_0.priority,r1_0.speciality,r1_0.status,u1_0.status,uc1_0.user_id,uc1_0.code,uc1_0.time from users u1_0 left join role r1_0 on r1_0.role_id=u1_0.role_id left join user_code uc1_0 on u1_0.user_id=uc1_0.user_id where u1_0.user_id=?
2024-07-27T14:53:31.165+07:00 DEBUG 16704 --- [Knowledge Revising System] [   scheduling-1] org.hibernate.SQL                        : select e1_0.exam_id,c1_0.course_id,c1_0.course_name,c1_0.description,c1_0.role_id,c1_0.status,s1_0.subject_id,s1_0.code,s1_0.description,s1_0.name,s1_0.speciality,s1_0.status,t1_0.user_id,t1_0.access_token,t1_0.avatar,t1_0.email,t1_0.full_name,t1_0.note,t1_0.password,t1_0.role_id,t1_0.status,c2_0.user_id,c2_0.access_token,c2_0.avatar,c2_0.email,c2_0.full_name,c2_0.note,c2_0.password,r4_0.role_id,r4_0.description,r4_0.role_name,r4_0.priority,r4_0.speciality,r4_0.status,c2_0.status,uc1_0.user_id,uc1_0.code,uc1_0.time,e1_0.description,e1_0.length,e1_0.name,e1_0.number_of_questions,e1_0.status,s2_0.subject_id,s2_0.code,s2_0.description,s2_0.name,s2_0.speciality,s2_0.status from exams e1_0 left join course c1_0 on c1_0.course_id=e1_0.course_id left join subjects s1_0 on s1_0.subject_id=c1_0.subject_id left join users t1_0 on t1_0.user_id=c1_0.teacher_id left join users c2_0 on c2_0.user_id=e1_0.creator_id left join role r4_0 on r4_0.role_id=c2_0.role_id left join user_code uc1_0 on c2_0.user_id=uc1_0.user_id left join subjects s2_0 on s2_0.subject_id=e1_0.subject_id where e1_0.exam_id=?
2024-07-27T14:53:31.170+07:00 DEBUG 16704 --- [Knowledge Revising System] [   scheduling-1] org.hibernate.SQL                        : select e1_0.exam_id,c1_0.course_id,c1_0.course_name,c1_0.description,c1_0.role_id,c1_0.status,s1_0.subject_id,s1_0.code,s1_0.description,s1_0.name,s1_0.speciality,s1_0.status,t1_0.user_id,t1_0.access_token,t1_0.avatar,t1_0.email,t1_0.full_name,t1_0.note,t1_0.password,t1_0.role_id,t1_0.status,c2_0.user_id,c2_0.access_token,c2_0.avatar,c2_0.email,c2_0.full_name,c2_0.note,c2_0.password,r4_0.role_id,r4_0.description,r4_0.role_name,r4_0.priority,r4_0.speciality,r4_0.status,c2_0.status,uc1_0.user_id,uc1_0.code,uc1_0.time,e1_0.description,e1_0.length,e1_0.name,e1_0.number_of_questions,e1_0.status,s2_0.subject_id,s2_0.code,s2_0.description,s2_0.name,s2_0.speciality,s2_0.status from exams e1_0 left join course c1_0 on c1_0.course_id=e1_0.course_id left join subjects s1_0 on s1_0.subject_id=c1_0.subject_id left join users t1_0 on t1_0.user_id=c1_0.teacher_id left join users c2_0 on c2_0.user_id=e1_0.creator_id left join role r4_0 on r4_0.role_id=c2_0.role_id left join user_code uc1_0 on c2_0.user_id=uc1_0.user_id left join subjects s2_0 on s2_0.subject_id=e1_0.subject_id where e1_0.exam_id=?
2024-07-27T14:53:31.173+07:00 DEBUG 16704 --- [Knowledge Revising System] [   scheduling-1] org.hibernate.SQL                        : select e1_0.exam_id,c1_0.course_id,c1_0.course_name,c1_0.description,c1_0.role_id,c1_0.status,s1_0.subject_id,s1_0.code,s1_0.description,s1_0.name,s1_0.speciality,s1_0.status,t1_0.user_id,t1_0.access_token,t1_0.avatar,t1_0.email,t1_0.full_name,t1_0.note,t1_0.password,t1_0.role_id,t1_0.status,c2_0.user_id,c2_0.access_token,c2_0.avatar,c2_0.email,c2_0.full_name,c2_0.note,c2_0.password,r4_0.role_id,r4_0.description,r4_0.role_name,r4_0.priority,r4_0.speciality,r4_0.status,c2_0.status,uc1_0.user_id,uc1_0.code,uc1_0.time,e1_0.description,e1_0.length,e1_0.name,e1_0.number_of_questions,e1_0.status,s2_0.subject_id,s2_0.code,s2_0.description,s2_0.name,s2_0.speciality,s2_0.status from exams e1_0 left join course c1_0 on c1_0.course_id=e1_0.course_id left join subjects s1_0 on s1_0.subject_id=c1_0.subject_id left join users t1_0 on t1_0.user_id=c1_0.teacher_id left join users c2_0 on c2_0.user_id=e1_0.creator_id left join role r4_0 on r4_0.role_id=c2_0.role_id left join user_code uc1_0 on c2_0.user_id=uc1_0.user_id left join subjects s2_0 on s2_0.subject_id=e1_0.subject_id where e1_0.exam_id=?
2024-07-27T14:53:31.218+07:00 DEBUG 16704 --- [Knowledge Revising System] [   scheduling-1] org.hibernate.SQL                        : select a1_0.attempt_id,a1_0.attempt_date,e1_0.exam_id,c1_0.course_id,c1_0.course_name,c1_0.description,c1_0.role_id,c1_0.status,c1_0.subject_id,c1_0.teacher_id,c2_0.user_id,c2_0.access_token,c2_0.avatar,c2_0.email,c2_0.full_name,c2_0.note,c2_0.password,c2_0.role_id,c2_0.status,e1_0.description,e1_0.length,e1_0.name,e1_0.number_of_questions,e1_0.status,s2_0.subject_id,s2_0.code,s2_0.description,s2_0.name,s2_0.speciality,s2_0.status,le1_0.exam_id,le1_0.leson_exam_id,le1_0.lesson_id,le1_0.number_of_questions,a1_0.mark,a1_0.status,u1_0.user_id,u1_0.access_token,u1_0.avatar,u1_0.email,u1_0.full_name,u1_0.note,u1_0.password,r4_0.role_id,r4_0.description,r4_0.role_name,r4_0.priority,r4_0.speciality,r4_0.status,u1_0.status,uc1_0.user_id,uc1_0.code,uc1_0.time from attempt a1_0 left join exams e1_0 on e1_0.exam_id=a1_0.exam_id left join course c1_0 on c1_0.course_id=e1_0.course_id left join users c2_0 on c2_0.user_id=e1_0.creator_id left join subjects s2_0 on s2_0.subject_id=e1_0.subject_id left join lesson_exam le1_0 on e1_0.exam_id=le1_0.exam_id left join users u1_0 on u1_0.user_id=a1_0.user_id left join role r4_0 on r4_0.role_id=u1_0.role_id left join user_code uc1_0 on u1_0.user_id=uc1_0.user_id where a1_0.attempt_id=?
2024-07-27T14:53:31.224+07:00 DEBUG 16704 --- [Knowledge Revising System] [   scheduling-1] org.hibernate.SQL                        : select uc1_0.user_id,uc1_0.code,uc1_0.time,u1_0.user_id,u1_0.access_token,u1_0.avatar,u1_0.email,u1_0.full_name,u1_0.note,u1_0.password,r1_0.role_id,r1_0.description,r1_0.role_name,r1_0.priority,r1_0.speciality,r1_0.status,u1_0.status from user_code uc1_0 join users u1_0 on u1_0.user_id=uc1_0.user_id left join role r1_0 on r1_0.role_id=u1_0.role_id where uc1_0.user_id=?
2024-07-27T14:53:31.228+07:00 DEBUG 16704 --- [Knowledge Revising System] [   scheduling-1] org.hibernate.SQL                        : select l1_0.lesson_id,l1_0.description,l1_0.title,l1_0.priority,l1_0.status,l1_0.subject_id,s1_0.subject_id,s1_0.code,s1_0.description,s1_0.name,s1_0.speciality,s1_0.status,le1_0.lesson_id,le1_0.leson_exam_id,le1_0.exam_id,e1_0.exam_id,e1_0.course_id,e1_0.creator_id,e1_0.description,e1_0.length,e1_0.name,e1_0.number_of_questions,e1_0.status,e1_0.subject_id,le1_0.number_of_questions from lessons l1_0 join subjects s1_0 on s1_0.subject_id=l1_0.subject_id left join lesson_exam le1_0 on l1_0.lesson_id=le1_0.lesson_id left join exams e1_0 on e1_0.exam_id=le1_0.exam_id where l1_0.lesson_id=?
2024-07-27T14:53:31.232+07:00 DEBUG 16704 --- [Knowledge Revising System] [   scheduling-1] org.hibernate.SQL                        : select c1_0.course_id,c1_0.course_name,c1_0.description,c1_0.role_id,c1_0.status,s1_0.subject_id,s1_0.code,s1_0.description,s1_0.name,s1_0.speciality,s1_0.status,t1_0.user_id,t1_0.access_token,t1_0.avatar,t1_0.email,t1_0.full_name,t1_0.note,t1_0.password,r3_0.role_id,r3_0.description,r3_0.role_name,r3_0.priority,r3_0.speciality,r3_0.status,t1_0.status,uc1_0.user_id,uc1_0.code,uc1_0.time from course c1_0 left join subjects s1_0 on s1_0.subject_id=c1_0.subject_id left join users t1_0 on t1_0.user_id=c1_0.teacher_id left join role r3_0 on r3_0.role_id=t1_0.role_id left join user_code uc1_0 on t1_0.user_id=uc1_0.user_id where c1_0.course_id=?
2024-07-27T14:53:31.237+07:00 DEBUG 16704 --- [Knowledge Revising System] [   scheduling-1] org.hibernate.SQL                        : select l1_0.lesson_id,l1_0.description,l1_0.title,l1_0.priority,l1_0.status,l1_0.subject_id,s1_0.subject_id,s1_0.code,s1_0.description,s1_0.name,s1_0.speciality,s1_0.status,le1_0.lesson_id,le1_0.leson_exam_id,le1_0.exam_id,e1_0.exam_id,e1_0.course_id,e1_0.creator_id,e1_0.description,e1_0.length,e1_0.name,e1_0.number_of_questions,e1_0.status,e1_0.subject_id,le1_0.number_of_questions from lessons l1_0 join subjects s1_0 on s1_0.subject_id=l1_0.subject_id left join lesson_exam le1_0 on l1_0.lesson_id=le1_0.lesson_id left join exams e1_0 on e1_0.exam_id=le1_0.exam_id where l1_0.lesson_id=?
2024-07-27T14:53:31.241+07:00 DEBUG 16704 --- [Knowledge Revising System] [   scheduling-1] org.hibernate.SQL                        : select l1_0.lesson_id,l1_0.description,l1_0.title,l1_0.priority,l1_0.status,l1_0.subject_id,s1_0.subject_id,s1_0.code,s1_0.description,s1_0.name,s1_0.speciality,s1_0.status,le1_0.lesson_id,le1_0.leson_exam_id,le1_0.exam_id,e1_0.exam_id,e1_0.course_id,e1_0.creator_id,e1_0.description,e1_0.length,e1_0.name,e1_0.number_of_questions,e1_0.status,e1_0.subject_id,le1_0.number_of_questions from lessons l1_0 join subjects s1_0 on s1_0.subject_id=l1_0.subject_id left join lesson_exam le1_0 on l1_0.lesson_id=le1_0.lesson_id left join exams e1_0 on e1_0.exam_id=le1_0.exam_id where l1_0.lesson_id=?
2024-07-27T14:53:31.245+07:00 DEBUG 16704 --- [Knowledge Revising System] [   scheduling-1] org.hibernate.SQL                        : select l1_0.lesson_id,l1_0.description,l1_0.title,l1_0.priority,l1_0.status,l1_0.subject_id,s1_0.subject_id,s1_0.code,s1_0.description,s1_0.name,s1_0.speciality,s1_0.status,le1_0.lesson_id,le1_0.leson_exam_id,le1_0.exam_id,e1_0.exam_id,e1_0.course_id,e1_0.creator_id,e1_0.description,e1_0.length,e1_0.name,e1_0.number_of_questions,e1_0.status,e1_0.subject_id,le1_0.number_of_questions from lessons l1_0 join subjects s1_0 on s1_0.subject_id=l1_0.subject_id left join lesson_exam le1_0 on l1_0.lesson_id=le1_0.lesson_id left join exams e1_0 on e1_0.exam_id=le1_0.exam_id where l1_0.lesson_id=?
2024-07-27T14:53:31.248+07:00 DEBUG 16704 --- [Knowledge Revising System] [   scheduling-1] org.hibernate.SQL                        : select l1_0.lesson_id,l1_0.description,l1_0.title,l1_0.priority,l1_0.status,l1_0.subject_id,s1_0.subject_id,s1_0.code,s1_0.description,s1_0.name,s1_0.speciality,s1_0.status,le1_0.lesson_id,le1_0.leson_exam_id,le1_0.exam_id,e1_0.exam_id,e1_0.course_id,e1_0.creator_id,e1_0.description,e1_0.length,e1_0.name,e1_0.number_of_questions,e1_0.status,e1_0.subject_id,le1_0.number_of_questions from lessons l1_0 join subjects s1_0 on s1_0.subject_id=l1_0.subject_id left join lesson_exam le1_0 on l1_0.lesson_id=le1_0.lesson_id left join exams e1_0 on e1_0.exam_id=le1_0.exam_id where l1_0.lesson_id=?
2024-07-27T14:53:31.251+07:00 DEBUG 16704 --- [Knowledge Revising System] [   scheduling-1] org.hibernate.SQL                        : select l1_0.lesson_id,l1_0.description,l1_0.title,l1_0.priority,l1_0.status,l1_0.subject_id,s1_0.subject_id,s1_0.code,s1_0.description,s1_0.name,s1_0.speciality,s1_0.status,le1_0.lesson_id,le1_0.leson_exam_id,le1_0.exam_id,e1_0.exam_id,e1_0.course_id,e1_0.creator_id,e1_0.description,e1_0.length,e1_0.name,e1_0.number_of_questions,e1_0.status,e1_0.subject_id,le1_0.number_of_questions from lessons l1_0 join subjects s1_0 on s1_0.subject_id=l1_0.subject_id left join lesson_exam le1_0 on l1_0.lesson_id=le1_0.lesson_id left join exams e1_0 on e1_0.exam_id=le1_0.exam_id where l1_0.lesson_id=?
2024-07-27T14:53:31.255+07:00 DEBUG 16704 --- [Knowledge Revising System] [   scheduling-1] org.hibernate.SQL                        : select l1_0.lesson_id,l1_0.description,l1_0.title,l1_0.priority,l1_0.status,l1_0.subject_id,s1_0.subject_id,s1_0.code,s1_0.description,s1_0.name,s1_0.speciality,s1_0.status,le1_0.lesson_id,le1_0.leson_exam_id,le1_0.exam_id,e1_0.exam_id,e1_0.course_id,e1_0.creator_id,e1_0.description,e1_0.length,e1_0.name,e1_0.number_of_questions,e1_0.status,e1_0.subject_id,le1_0.number_of_questions from lessons l1_0 join subjects s1_0 on s1_0.subject_id=l1_0.subject_id left join lesson_exam le1_0 on l1_0.lesson_id=le1_0.lesson_id left join exams e1_0 on e1_0.exam_id=le1_0.exam_id where l1_0.lesson_id=?
2024-07-27T14:53:31.259+07:00 DEBUG 16704 --- [Knowledge Revising System] [   scheduling-1] org.hibernate.SQL                        : select l1_0.lesson_id,l1_0.description,l1_0.title,l1_0.priority,l1_0.status,l1_0.subject_id,s1_0.subject_id,s1_0.code,s1_0.description,s1_0.name,s1_0.speciality,s1_0.status,le1_0.lesson_id,le1_0.leson_exam_id,le1_0.exam_id,e1_0.exam_id,e1_0.course_id,e1_0.creator_id,e1_0.description,e1_0.length,e1_0.name,e1_0.number_of_questions,e1_0.status,e1_0.subject_id,le1_0.number_of_questions from lessons l1_0 join subjects s1_0 on s1_0.subject_id=l1_0.subject_id left join lesson_exam le1_0 on l1_0.lesson_id=le1_0.lesson_id left join exams e1_0 on e1_0.exam_id=le1_0.exam_id where l1_0.lesson_id=?
2024-07-27T14:53:31.263+07:00 DEBUG 16704 --- [Knowledge Revising System] [   scheduling-1] org.hibernate.SQL                        : select l1_0.lesson_id,l1_0.description,l1_0.title,l1_0.priority,l1_0.status,l1_0.subject_id,s1_0.subject_id,s1_0.code,s1_0.description,s1_0.name,s1_0.speciality,s1_0.status,le1_0.lesson_id,le1_0.leson_exam_id,le1_0.exam_id,e1_0.exam_id,e1_0.course_id,e1_0.creator_id,e1_0.description,e1_0.length,e1_0.name,e1_0.number_of_questions,e1_0.status,e1_0.subject_id,le1_0.number_of_questions from lessons l1_0 join subjects s1_0 on s1_0.subject_id=l1_0.subject_id left join lesson_exam le1_0 on l1_0.lesson_id=le1_0.lesson_id left join exams e1_0 on e1_0.exam_id=le1_0.exam_id where l1_0.lesson_id=?
2024-07-27T14:53:31.269+07:00 DEBUG 16704 --- [Knowledge Revising System] [   scheduling-1] org.hibernate.SQL                        : select ss1_0.lesson_id,ss1_0.set_id,ss1_0.definition,ss1_0.status,ss1_0.term from study_set ss1_0 where ss1_0.lesson_id=?
2024-07-27T14:53:31.271+07:00 DEBUG 16704 --- [Knowledge Revising System] [   scheduling-1] org.hibernate.SQL                        : select q1_0.lesson_id,q1_0.question_id,q1_0.question_text,q1_0.level,q1_0.picture,q1_0.status from questions q1_0 where q1_0.lesson_id=?
2024-07-27T14:53:31.272+07:00 DEBUG 16704 --- [Knowledge Revising System] [   scheduling-1] org.hibernate.SQL                        : select ss1_0.lesson_id,ss1_0.set_id,ss1_0.definition,ss1_0.status,ss1_0.term from study_set ss1_0 where ss1_0.lesson_id=?
2024-07-27T14:53:31.274+07:00 DEBUG 16704 --- [Knowledge Revising System] [   scheduling-1] org.hibernate.SQL                        : select q1_0.lesson_id,q1_0.question_id,q1_0.question_text,q1_0.level,q1_0.picture,q1_0.status from questions q1_0 where q1_0.lesson_id=?
2024-07-27T14:53:31.275+07:00 DEBUG 16704 --- [Knowledge Revising System] [   scheduling-1] org.hibernate.SQL                        : select ss1_0.lesson_id,ss1_0.set_id,ss1_0.definition,ss1_0.status,ss1_0.term from study_set ss1_0 where ss1_0.lesson_id=?
2024-07-27T14:53:31.277+07:00 DEBUG 16704 --- [Knowledge Revising System] [   scheduling-1] org.hibernate.SQL                        : select q1_0.lesson_id,q1_0.question_id,q1_0.question_text,q1_0.level,q1_0.picture,q1_0.status from questions q1_0 where q1_0.lesson_id=?
2024-07-27T14:53:31.279+07:00 DEBUG 16704 --- [Knowledge Revising System] [   scheduling-1] org.hibernate.SQL                        : select ss1_0.lesson_id,ss1_0.set_id,ss1_0.definition,ss1_0.status,ss1_0.term from study_set ss1_0 where ss1_0.lesson_id=?
2024-07-27T14:53:31.281+07:00 DEBUG 16704 --- [Knowledge Revising System] [   scheduling-1] org.hibernate.SQL                        : select q1_0.lesson_id,q1_0.question_id,q1_0.question_text,q1_0.level,q1_0.picture,q1_0.status from questions q1_0 where q1_0.lesson_id=?
2024-07-27T14:53:31.283+07:00 DEBUG 16704 --- [Knowledge Revising System] [   scheduling-1] org.hibernate.SQL                        : select ss1_0.lesson_id,ss1_0.set_id,ss1_0.definition,ss1_0.status,ss1_0.term from study_set ss1_0 where ss1_0.lesson_id=?
2024-07-27T14:53:31.284+07:00 DEBUG 16704 --- [Knowledge Revising System] [   scheduling-1] org.hibernate.SQL                        : select q1_0.lesson_id,q1_0.question_id,q1_0.question_text,q1_0.level,q1_0.picture,q1_0.status from questions q1_0 where q1_0.lesson_id=?
2024-07-27T14:53:31.286+07:00 DEBUG 16704 --- [Knowledge Revising System] [   scheduling-1] org.hibernate.SQL                        : select ss1_0.lesson_id,ss1_0.set_id,ss1_0.definition,ss1_0.status,ss1_0.term from study_set ss1_0 where ss1_0.lesson_id=?
2024-07-27T14:53:31.288+07:00 DEBUG 16704 --- [Knowledge Revising System] [   scheduling-1] org.hibernate.SQL                        : select q1_0.lesson_id,q1_0.question_id,q1_0.question_text,q1_0.level,q1_0.picture,q1_0.status from questions q1_0 where q1_0.lesson_id=?
2024-07-27T14:53:31.289+07:00 DEBUG 16704 --- [Knowledge Revising System] [   scheduling-1] org.hibernate.SQL                        : select ss1_0.lesson_id,ss1_0.set_id,ss1_0.definition,ss1_0.status,ss1_0.term from study_set ss1_0 where ss1_0.lesson_id=?
2024-07-27T14:53:31.290+07:00 DEBUG 16704 --- [Knowledge Revising System] [   scheduling-1] org.hibernate.SQL                        : select q1_0.lesson_id,q1_0.question_id,q1_0.question_text,q1_0.level,q1_0.picture,q1_0.status from questions q1_0 where q1_0.lesson_id=?
2024-07-27T14:53:31.291+07:00 DEBUG 16704 --- [Knowledge Revising System] [   scheduling-1] org.hibernate.SQL                        : select ss1_0.lesson_id,ss1_0.set_id,ss1_0.definition,ss1_0.status,ss1_0.term from study_set ss1_0 where ss1_0.lesson_id=?
2024-07-27T14:53:31.292+07:00 DEBUG 16704 --- [Knowledge Revising System] [   scheduling-1] org.hibernate.SQL                        : select q1_0.lesson_id,q1_0.question_id,q1_0.question_text,q1_0.level,q1_0.picture,q1_0.status from questions q1_0 where q1_0.lesson_id=?
2024-07-27T14:53:31.294+07:00 DEBUG 16704 --- [Knowledge Revising System] [   scheduling-1] org.hibernate.SQL                        : select le1_0.exam_id,le1_0.leson_exam_id,le1_0.lesson_id,l1_0.lesson_id,l1_0.description,l1_0.title,l1_0.priority,l1_0.status,l1_0.subject_id,s1_0.subject_id,s1_0.code,s1_0.description,s1_0.name,s1_0.speciality,s1_0.status,le1_0.number_of_questions from lesson_exam le1_0 left join lessons l1_0 on l1_0.lesson_id=le1_0.lesson_id left join subjects s1_0 on s1_0.subject_id=l1_0.subject_id where le1_0.exam_id=?
2024-07-27T14:53:31.296+07:00 DEBUG 16704 --- [Knowledge Revising System] [   scheduling-1] org.hibernate.SQL                        : select al1_0.exam_id,al1_0.attempt_id,al1_0.attempt_date,al1_0.mark,al1_0.status,u1_0.user_id,u1_0.access_token,u1_0.avatar,u1_0.email,u1_0.full_name,u1_0.note,u1_0.password,r1_0.role_id,r1_0.description,r1_0.role_name,r1_0.priority,r1_0.speciality,r1_0.status,u1_0.status,uc1_0.user_id,uc1_0.code,uc1_0.time from attempt al1_0 left join users u1_0 on u1_0.user_id=al1_0.user_id left join role r1_0 on r1_0.role_id=u1_0.role_id left join user_code uc1_0 on u1_0.user_id=uc1_0.user_id where al1_0.exam_id=?
2024-07-27T14:53:31.298+07:00 DEBUG 16704 --- [Knowledge Revising System] [   scheduling-1] org.hibernate.SQL                        : select le1_0.exam_id,le1_0.leson_exam_id,le1_0.lesson_id,l1_0.lesson_id,l1_0.description,l1_0.title,l1_0.priority,l1_0.status,l1_0.subject_id,s1_0.subject_id,s1_0.code,s1_0.description,s1_0.name,s1_0.speciality,s1_0.status,le1_0.number_of_questions from lesson_exam le1_0 left join lessons l1_0 on l1_0.lesson_id=le1_0.lesson_id left join subjects s1_0 on s1_0.subject_id=l1_0.subject_id where le1_0.exam_id=?
2024-07-27T14:53:31.300+07:00 DEBUG 16704 --- [Knowledge Revising System] [   scheduling-1] org.hibernate.SQL                        : select al1_0.exam_id,al1_0.attempt_id,al1_0.attempt_date,al1_0.mark,al1_0.status,u1_0.user_id,u1_0.access_token,u1_0.avatar,u1_0.email,u1_0.full_name,u1_0.note,u1_0.password,r1_0.role_id,r1_0.description,r1_0.role_name,r1_0.priority,r1_0.speciality,r1_0.status,u1_0.status,uc1_0.user_id,uc1_0.code,uc1_0.time from attempt al1_0 left join users u1_0 on u1_0.user_id=al1_0.user_id left join role r1_0 on r1_0.role_id=u1_0.role_id left join user_code uc1_0 on u1_0.user_id=uc1_0.user_id where al1_0.exam_id=?
2024-07-27T14:53:31.302+07:00 DEBUG 16704 --- [Knowledge Revising System] [   scheduling-1] org.hibernate.SQL                        : select le1_0.exam_id,le1_0.leson_exam_id,le1_0.lesson_id,l1_0.lesson_id,l1_0.description,l1_0.title,l1_0.priority,l1_0.status,l1_0.subject_id,s1_0.subject_id,s1_0.code,s1_0.description,s1_0.name,s1_0.speciality,s1_0.status,le1_0.number_of_questions from lesson_exam le1_0 left join lessons l1_0 on l1_0.lesson_id=le1_0.lesson_id left join subjects s1_0 on s1_0.subject_id=l1_0.subject_id where le1_0.exam_id=?
2024-07-27T14:53:31.304+07:00 DEBUG 16704 --- [Knowledge Revising System] [   scheduling-1] org.hibernate.SQL                        : select al1_0.exam_id,al1_0.attempt_id,al1_0.attempt_date,al1_0.mark,al1_0.status,u1_0.user_id,u1_0.access_token,u1_0.avatar,u1_0.email,u1_0.full_name,u1_0.note,u1_0.password,r1_0.role_id,r1_0.description,r1_0.role_name,r1_0.priority,r1_0.speciality,r1_0.status,u1_0.status,uc1_0.user_id,uc1_0.code,uc1_0.time from attempt al1_0 left join users u1_0 on u1_0.user_id=al1_0.user_id left join role r1_0 on r1_0.role_id=u1_0.role_id left join user_code uc1_0 on u1_0.user_id=uc1_0.user_id where al1_0.exam_id=?
2024-07-27T14:53:31.307+07:00 DEBUG 16704 --- [Knowledge Revising System] [   scheduling-1] org.hibernate.SQL                        : select le1_0.exam_id,le1_0.leson_exam_id,le1_0.lesson_id,l1_0.lesson_id,l1_0.description,l1_0.title,l1_0.priority,l1_0.status,l1_0.subject_id,s1_0.subject_id,s1_0.code,s1_0.description,s1_0.name,s1_0.speciality,s1_0.status,le1_0.number_of_questions from lesson_exam le1_0 left join lessons l1_0 on l1_0.lesson_id=le1_0.lesson_id left join subjects s1_0 on s1_0.subject_id=l1_0.subject_id where le1_0.exam_id=?
2024-07-27T14:53:31.309+07:00 DEBUG 16704 --- [Knowledge Revising System] [   scheduling-1] org.hibernate.SQL                        : select al1_0.exam_id,al1_0.attempt_id,al1_0.attempt_date,al1_0.mark,al1_0.status,u1_0.user_id,u1_0.access_token,u1_0.avatar,u1_0.email,u1_0.full_name,u1_0.note,u1_0.password,r1_0.role_id,r1_0.description,r1_0.role_name,r1_0.priority,r1_0.speciality,r1_0.status,u1_0.status,uc1_0.user_id,uc1_0.code,uc1_0.time from attempt al1_0 left join users u1_0 on u1_0.user_id=al1_0.user_id left join role r1_0 on r1_0.role_id=u1_0.role_id left join user_code uc1_0 on u1_0.user_id=uc1_0.user_id where al1_0.exam_id=?
2024-07-27T14:53:31.312+07:00 DEBUG 16704 --- [Knowledge Revising System] [   scheduling-1] org.hibernate.SQL                        : select le1_0.exam_id,le1_0.leson_exam_id,le1_0.lesson_id,l1_0.lesson_id,l1_0.description,l1_0.title,l1_0.priority,l1_0.status,l1_0.subject_id,s1_0.subject_id,s1_0.code,s1_0.description,s1_0.name,s1_0.speciality,s1_0.status,le1_0.number_of_questions from lesson_exam le1_0 left join lessons l1_0 on l1_0.lesson_id=le1_0.lesson_id left join subjects s1_0 on s1_0.subject_id=l1_0.subject_id where le1_0.exam_id=?
2024-07-27T14:53:31.314+07:00 DEBUG 16704 --- [Knowledge Revising System] [   scheduling-1] org.hibernate.SQL                        : select al1_0.exam_id,al1_0.attempt_id,al1_0.attempt_date,al1_0.mark,al1_0.status,u1_0.user_id,u1_0.access_token,u1_0.avatar,u1_0.email,u1_0.full_name,u1_0.note,u1_0.password,r1_0.role_id,r1_0.description,r1_0.role_name,r1_0.priority,r1_0.speciality,r1_0.status,u1_0.status,uc1_0.user_id,uc1_0.code,uc1_0.time from attempt al1_0 left join users u1_0 on u1_0.user_id=al1_0.user_id left join role r1_0 on r1_0.role_id=u1_0.role_id left join user_code uc1_0 on u1_0.user_id=uc1_0.user_id where al1_0.exam_id=?
2024-07-27T14:53:31.316+07:00 DEBUG 16704 --- [Knowledge Revising System] [   scheduling-1] org.hibernate.SQL                        : select u1_0.role_id,u1_0.user_id,u1_0.access_token,u1_0.avatar,u1_0.email,u1_0.full_name,u1_0.note,u1_0.password,u1_0.status,uc1_0.user_id,uc1_0.code,uc1_0.time from users u1_0 left join user_code uc1_0 on u1_0.user_id=uc1_0.user_id where u1_0.role_id=?
2024-07-27T14:53:31.318+07:00 DEBUG 16704 --- [Knowledge Revising System] [   scheduling-1] org.hibernate.SQL                        : select s1_0.speciality,s1_0.subject_id,s1_0.code,s1_0.description,s1_0.name,s1_0.status from subjects s1_0 where s1_0.speciality=?
2024-07-27T14:53:31.319+07:00 DEBUG 16704 --- [Knowledge Revising System] [   scheduling-1] org.hibernate.SQL                        : select c1_0.role_id,c1_0.course_id,c1_0.course_name,c1_0.description,c1_0.status,s1_0.subject_id,s1_0.code,s1_0.description,s1_0.name,s1_0.speciality,s1_0.status,t1_0.user_id,t1_0.access_token,t1_0.avatar,t1_0.email,t1_0.full_name,t1_0.note,t1_0.password,r3_0.role_id,r3_0.description,r3_0.role_name,r3_0.priority,r3_0.speciality,r3_0.status,t1_0.status,uc1_0.user_id,uc1_0.code,uc1_0.time from course c1_0 left join subjects s1_0 on s1_0.subject_id=c1_0.subject_id left join users t1_0 on t1_0.user_id=c1_0.teacher_id left join role r3_0 on r3_0.role_id=t1_0.role_id left join user_code uc1_0 on t1_0.user_id=uc1_0.user_id where c1_0.role_id=?
2024-07-27T14:53:31.321+07:00 DEBUG 16704 --- [Knowledge Revising System] [   scheduling-1] org.hibernate.SQL                        : select le1_0.exam_id,le1_0.leson_exam_id,le1_0.lesson_id,l1_0.lesson_id,l1_0.description,l1_0.title,l1_0.priority,l1_0.status,l1_0.subject_id,s1_0.subject_id,s1_0.code,s1_0.description,s1_0.name,s1_0.speciality,s1_0.status,le1_0.number_of_questions from lesson_exam le1_0 left join lessons l1_0 on l1_0.lesson_id=le1_0.lesson_id left join subjects s1_0 on s1_0.subject_id=l1_0.subject_id where le1_0.exam_id=?
2024-07-27T14:53:31.323+07:00 DEBUG 16704 --- [Knowledge Revising System] [   scheduling-1] org.hibernate.SQL                        : select al1_0.exam_id,al1_0.attempt_id,al1_0.attempt_date,al1_0.mark,al1_0.status,u1_0.user_id,u1_0.access_token,u1_0.avatar,u1_0.email,u1_0.full_name,u1_0.note,u1_0.password,r1_0.role_id,r1_0.description,r1_0.role_name,r1_0.priority,r1_0.speciality,r1_0.status,u1_0.status,uc1_0.user_id,uc1_0.code,uc1_0.time from attempt al1_0 left join users u1_0 on u1_0.user_id=al1_0.user_id left join role r1_0 on r1_0.role_id=u1_0.role_id left join user_code uc1_0 on u1_0.user_id=uc1_0.user_id where al1_0.exam_id=?
2024-07-27T14:53:31.327+07:00 DEBUG 16704 --- [Knowledge Revising System] [   scheduling-1] org.hibernate.SQL                        : select ss1_0.lesson_id,ss1_0.set_id,ss1_0.definition,ss1_0.status,ss1_0.term from study_set ss1_0 where ss1_0.lesson_id=?
2024-07-27T14:53:31.330+07:00 DEBUG 16704 --- [Knowledge Revising System] [   scheduling-1] org.hibernate.SQL                        : select q1_0.lesson_id,q1_0.question_id,q1_0.question_text,q1_0.level,q1_0.picture,q1_0.status from questions q1_0 where q1_0.lesson_id=?
2024-07-27T14:53:31.335+07:00 DEBUG 16704 --- [Knowledge Revising System] [   scheduling-1] org.hibernate.SQL                        : select u1_0.role_id,u1_0.user_id,u1_0.access_token,u1_0.avatar,u1_0.email,u1_0.full_name,u1_0.note,u1_0.password,u1_0.status,uc1_0.user_id,uc1_0.code,uc1_0.time from users u1_0 left join user_code uc1_0 on u1_0.user_id=uc1_0.user_id where u1_0.role_id=?
2024-07-27T14:53:31.338+07:00 DEBUG 16704 --- [Knowledge Revising System] [   scheduling-1] org.hibernate.SQL                        : select s1_0.speciality,s1_0.subject_id,s1_0.code,s1_0.description,s1_0.name,s1_0.status from subjects s1_0 where s1_0.speciality=?
2024-07-27T14:53:31.339+07:00 DEBUG 16704 --- [Knowledge Revising System] [   scheduling-1] org.hibernate.SQL                        : select c1_0.role_id,c1_0.course_id,c1_0.course_name,c1_0.description,c1_0.status,s1_0.subject_id,s1_0.code,s1_0.description,s1_0.name,s1_0.speciality,s1_0.status,t1_0.user_id,t1_0.access_token,t1_0.avatar,t1_0.email,t1_0.full_name,t1_0.note,t1_0.password,r3_0.role_id,r3_0.description,r3_0.role_name,r3_0.priority,r3_0.speciality,r3_0.status,t1_0.status,uc1_0.user_id,uc1_0.code,uc1_0.time from course c1_0 left join subjects s1_0 on s1_0.subject_id=c1_0.subject_id left join users t1_0 on t1_0.user_id=c1_0.teacher_id left join role r3_0 on r3_0.role_id=t1_0.role_id left join user_code uc1_0 on t1_0.user_id=uc1_0.user_id where c1_0.role_id=?
2024-07-27T14:53:31.341+07:00 DEBUG 16704 --- [Knowledge Revising System] [   scheduling-1] org.hibernate.SQL                        : select al1_0.exam_id,al1_0.attempt_id,al1_0.attempt_date,al1_0.mark,al1_0.status,u1_0.user_id,u1_0.access_token,u1_0.avatar,u1_0.email,u1_0.full_name,u1_0.note,u1_0.password,r1_0.role_id,r1_0.description,r1_0.role_name,r1_0.priority,r1_0.speciality,r1_0.status,u1_0.status,uc1_0.user_id,uc1_0.code,uc1_0.time from attempt al1_0 left join users u1_0 on u1_0.user_id=al1_0.user_id left join role r1_0 on r1_0.role_id=u1_0.role_id left join user_code uc1_0 on u1_0.user_id=uc1_0.user_id where al1_0.exam_id=?
]]></system-out>
  </testcase>
</testsuite>